<?xml version="1.0" encoding="UTF-8"?>
<!-- Generated by org.testng.reporters.JUnitXMLReporter -->
<testsuite hostname="LT5244" ignored="0" name="Test" tests="1" failures="0" timestamp="2019-08-27T22:47:17 IST" time="8.145" errors="0">
  <testcase name="@BeforeMethod preCondition" time="8.068" classname="com.selenium.generic.BaseLibrary">
    <failure type="java.lang.NullPointerException">
      <![CDATA[java.lang.NullPointerException
at com.selenium.generic.BaseLibrary.preCondition(BaseLibrary.java:44)
at java.util.ArrayList.forEach(ArrayList.java:1257)
... Removed 31 stack frames]]>
    </failure>
  </testcase> <!-- @BeforeMethod preCondition -->
  <testcase name="@AfterMethod postCondition" time="-1.566926235501E9" classname="com.selenium.generic.BaseLibrary">
    <skipped/>
  </testcase> <!-- @AfterMethod postCondition -->
  <testcase name="test" time="0.0" classname="com.selenium.generic.BaseLibrary">
    <skipped/>
  </testcase> <!-- test -->
</testsuite> <!-- Test -->
